<?xml version="1.0" encoding="UTF-8"?>
<!-- Generated by org.testng.reporters.JUnitReportReporter -->
<testsuite hostname="Harishs-MacBook-Air.local" failures="0" tests="1" name="testscripts.LoginTest" time="4.092" errors="0" timestamp="2025-03-09T11:56:01 IST" skipped="0">
  <testcase classname="testscripts.LoginTest" name="verifyLoginForValidCredentials" time="4.092"/>
  <system-out/>
</testsuite> <!-- testscripts.LoginTest -->
