<?xml version="1.0" encoding="UTF-8"?>
<!-- Generated by org.testng.reporters.JUnitReportReporter -->
<testsuite hostname="Harishs-MacBook-Air.local" failures="0" tests="1" name="testscripts.CreateAssessmentTest" time="14.431" errors="0" timestamp="2025-03-16T10:42:16 IST" skipped="0">
  <testcase classname="testscripts.CreateAssessmentTest" name="verifyCreateAssessment" time="14.431"/>
  <system-out/>
</testsuite> <!-- testscripts.CreateAssessmentTest -->
