<?xml version="1.0" encoding="UTF-8"?>
<!-- Generated by org.testng.reporters.JUnitReportReporter -->
<testsuite hostname="Harishs-MacBook-Air.local" failures="0" tests="1" name="testscripts.DashboardTest" time="4.353" errors="0" timestamp="2025-03-09T11:56:01 IST" skipped="0">
  <testcase classname="testscripts.DashboardTest" name="verifyDashboardUiElements" time="4.353"/>
  <system-out/>
</testsuite> <!-- testscripts.DashboardTest -->
